 [ 2024-12-12 13:07:10,335] 26 root - INFO Data Ingestion function starts 
 [ 2024-12-12 13:07:10,699] 30 root - INFO Dataset has been read as csv to pd 
 [ 2024-12-12 13:07:11,825] 36 root - INFO Train Test Split starts 
 [ 2024-12-12 13:07:12,962] 43 root - INFO Data Ingestion completed 
 [ 2024-12-12 13:07:13,242] 91 root - INFO Read train and test data completed 
 [ 2024-12-12 13:07:13,283] 92 root - INFO Train Dataframe Head : 
       id  carat      cut color clarity  depth  table     x     y     z  price
0   83475   0.32  Premium     E     SI1   61.6   58.0  4.38  4.41  2.71    614
1  160324   1.20  Premium     F     VS2   62.6   57.0  6.81  6.76  4.25   7002
2  101740   1.50    Ideal     I     VS2   62.2   55.0  7.30  7.26  4.53   9347
3  180341   1.67  Premium     I     SI2   61.9   59.0  7.65  7.61  4.71   8525
4   48480   1.00     Good     H     VS2   63.7   60.0  6.34  6.30  4.02   5217 
 [ 2024-12-12 13:07:13,292] 93 root - INFO Test Dataframe Head  : 
       id  carat        cut color clarity  depth  table     x     y     z  price
0   14868   0.50      Ideal     D     SI1   62.1   57.0  5.05  5.08  3.14   1355
1  165613   2.00  Very Good     G     SI2   59.5   57.0  8.08  8.15  4.89  14691
2   96727   0.27    Premium     E    VVS1   60.5   59.0  4.19  4.16  2.52    844
3  145593   0.32    Premium     I    VVS1   61.2   59.0  4.43  4.44  2.71    707
4  118689   1.19      Ideal     H     SI1   62.5   56.0  6.77  6.81  4.23   5797 
 [ 2024-12-12 13:07:13,292] 95 root - INFO Obtaining preprocessing object 
 [ 2024-12-12 13:07:13,292] 37 root - INFO Data Transformation initiated 
 [ 2024-12-12 13:07:13,292] 47 root - INFO Pipeline Initiated 
 [ 2024-12-12 13:07:13,699] 116 root - INFO Applying preprocessing object on training and testing datasets. 
 [ 2024-12-12 13:07:13,717] 127 root - INFO Processsor pickle in created and saved 
